11-27 19:30:36 com_github_MitjaNemec_ReplicateLayout.action_replicate_layout 312:Plugin executed on: 'win32'
11-27 19:30:36 com_github_MitjaNemec_ReplicateLayout.action_replicate_layout 313:Plugin executed with python version: '3.9.14 (main, Sep 19 2022, 05:11:57) [MSC v.1932 64 bit (AMD64)]'
11-27 19:30:36 com_github_MitjaNemec_ReplicateLayout.action_replicate_layout 314:KiCad build version: (6.0.9)
11-27 19:30:36 com_github_MitjaNemec_ReplicateLayout.action_replicate_layout 315:Plugin version: 1.2.2
11-27 19:30:36 com_github_MitjaNemec_ReplicateLayout.action_replicate_layout 316:Frame repr: <wx._core.Frame object at 0x000001E60BA5D550>
11-27 19:30:36 com_github_MitjaNemec_ReplicateLayout.action_replicate_layout 340:Preparing replicator with T2 as a reference
11-27 19:30:36 com_github_MitjaNemec_ReplicateLayout.replicate_layout 106:getting a list of all footprints on board
11-27 19:30:36 com_github_MitjaNemec_ReplicateLayout.action_replicate_layout 364:source anchor footprint is 'T2'
Located on: ['Strip_WS2812_0']
With filenames: ['Strip_WS2812.kicad_sch']
With sheet_id:['Strip_WS2812_0']
11-27 19:30:36 com_github_MitjaNemec_ReplicateLayout.action_replicate_layout 371:Corresponding footprints are 
[('T14', ['Strip_WS2812_3']), ('T10', ['Strip_WS2812_2']), ('T6', ['Strip_WS2812_1']), ('T2', ['Strip_WS2812_0'])]
11-27 19:30:36 com_github_MitjaNemec_ReplicateLayout.action_replicate_layout 383:Showing dialog
11-27 19:30:36 com_github_MitjaNemec_ReplicateLayout.replicate_layout 344:constructing a list of sheets suitable for replication on level:'Strip_WS2812_0', file:'Strip_WS2812.kicad_sch'
11-27 19:30:36 com_github_MitjaNemec_ReplicateLayout.replicate_layout 381:suitable sheets are:[['Strip_WS2812_1'], ['Strip_WS2812_2'], ['Strip_WS2812_3']]
11-27 19:30:36 com_github_MitjaNemec_ReplicateLayout.replicate_layout 1112:Level selected: ['Strip_WS2812_0']
11-27 19:30:36 com_github_MitjaNemec_ReplicateLayout.action_replicate_layout 389:Toolbar position: wx.Point(-631, -467)
11-27 19:30:36 com_github_MitjaNemec_ReplicateLayout.action_replicate_layout 395:Dialog position: wx.Point(-995, -467)
11-27 19:30:44 com_github_MitjaNemec_ReplicateLayout.replicate_layout 344:constructing a list of sheets suitable for replication on level:'Strip_WS2812_0', file:'Strip_WS2812.kicad_sch'
11-27 19:30:44 com_github_MitjaNemec_ReplicateLayout.replicate_layout 381:suitable sheets are:[['Strip_WS2812_1'], ['Strip_WS2812_2'], ['Strip_WS2812_3']]
11-27 19:30:44 com_github_MitjaNemec_ReplicateLayout.replicate_layout 1112:Level selected: ['Strip_WS2812_0']
11-27 19:30:48 com_github_MitjaNemec_ReplicateLayout.replicate_layout 344:constructing a list of sheets suitable for replication on level:'Strip_WS2812_0', file:'Strip_WS2812.kicad_sch'
11-27 19:30:48 com_github_MitjaNemec_ReplicateLayout.replicate_layout 381:suitable sheets are:[['Strip_WS2812_1'], ['Strip_WS2812_2'], ['Strip_WS2812_3']]
11-27 19:30:48 com_github_MitjaNemec_ReplicateLayout.replicate_layout 1112:Level selected: ['Strip_WS2812_0']
11-27 19:30:52 com_github_MitjaNemec_ReplicateLayout.replicate_layout 344:constructing a list of sheets suitable for replication on level:'Strip_WS2812_0', file:'Strip_WS2812.kicad_sch'
11-27 19:30:52 com_github_MitjaNemec_ReplicateLayout.replicate_layout 381:suitable sheets are:[['Strip_WS2812_1'], ['Strip_WS2812_2'], ['Strip_WS2812_3']]
11-27 19:30:52 com_github_MitjaNemec_ReplicateLayout.action_replicate_layout 170:Replicating layout
11-27 19:30:52 com_github_MitjaNemec_ReplicateLayout.replicate_layout 154:Starting replication of sheets: [['Strip_WS2812_1'], ['Strip_WS2812_2'], ['Strip_WS2812_3']]
on level: ['Strip_WS2812_0']
with tracks=True, zone=False, text=True, text=True, containing=False, remove=False, locked footprints=True, by_group=True
11-27 19:30:52 root 252:updating GUI message: 'Preparing for replication'
11-27 19:30:52 root 257:updating GUI with: 0
11-27 19:30:52 com_github_MitjaNemec_ReplicateLayout.replicate_layout 224:Getting the list of source footprints
11-27 19:30:52 com_github_MitjaNemec_ReplicateLayout.replicate_layout 239:Getting the list of all the remaining footprints
11-27 19:30:52 com_github_MitjaNemec_ReplicateLayout.replicate_layout 244:Getting nets local to source footprints
11-27 19:30:52 com_github_MitjaNemec_ReplicateLayout.replicate_layout 247:Getting source bounding box
11-27 19:30:52 com_github_MitjaNemec_ReplicateLayout.replicate_layout 251:Getting source tracks
11-27 19:30:52 com_github_MitjaNemec_ReplicateLayout.replicate_layout 266:Getting source zones
11-27 19:30:52 com_github_MitjaNemec_ReplicateLayout.replicate_layout 275:Getting source text items
11-27 19:30:52 com_github_MitjaNemec_ReplicateLayout.replicate_layout 284:Getting source drawing items
11-27 19:30:52 root 252:updating GUI message: 'Replicating footprints'
11-27 19:30:52 com_github_MitjaNemec_ReplicateLayout.replicate_layout 678:Replicating footprints
11-27 19:30:52 com_github_MitjaNemec_ReplicateLayout.replicate_layout 684:Replicating footprints on sheet ['Strip_WS2812_1']
11-27 19:30:52 com_github_MitjaNemec_ReplicateLayout.replicate_layout 684:Replicating footprints on sheet ['Strip_WS2812_2']
11-27 19:30:52 com_github_MitjaNemec_ReplicateLayout.replicate_layout 684:Replicating footprints on sheet ['Strip_WS2812_3']
11-27 19:30:52 root 252:updating GUI message: 'Replicating tracks'
11-27 19:30:52 com_github_MitjaNemec_ReplicateLayout.replicate_layout 844:Replicating tracks
11-27 19:30:52 com_github_MitjaNemec_ReplicateLayout.replicate_layout 850:Replicating tracks on sheet ['Strip_WS2812_1']
11-27 19:30:52 com_github_MitjaNemec_ReplicateLayout.replicate_layout 850:Replicating tracks on sheet ['Strip_WS2812_2']
11-27 19:30:52 root 257:updating GUI with: 62
11-27 19:30:52 com_github_MitjaNemec_ReplicateLayout.replicate_layout 850:Replicating tracks on sheet ['Strip_WS2812_3']
11-27 19:30:52 root 252:updating GUI message: 'Replicating text'
11-27 19:30:52 com_github_MitjaNemec_ReplicateLayout.replicate_layout 985:Replicating text
11-27 19:30:52 com_github_MitjaNemec_ReplicateLayout.replicate_layout 992:Replicating text on sheet ['Strip_WS2812_1']
11-27 19:30:52 com_github_MitjaNemec_ReplicateLayout.replicate_layout 992:Replicating text on sheet ['Strip_WS2812_2']
11-27 19:30:52 com_github_MitjaNemec_ReplicateLayout.replicate_layout 992:Replicating text on sheet ['Strip_WS2812_3']
11-27 19:30:52 root 252:updating GUI message: 'Replicating drawings'
11-27 19:30:52 com_github_MitjaNemec_ReplicateLayout.replicate_layout 1032:Replicating drawings
11-27 19:30:52 com_github_MitjaNemec_ReplicateLayout.replicate_layout 1038:Replicating drawings on sheet ['Strip_WS2812_1']
11-27 19:30:52 com_github_MitjaNemec_ReplicateLayout.replicate_layout 1038:Replicating drawings on sheet ['Strip_WS2812_2']
11-27 19:30:52 com_github_MitjaNemec_ReplicateLayout.replicate_layout 1038:Replicating drawings on sheet ['Strip_WS2812_3']
11-27 19:30:52 com_github_MitjaNemec_ReplicateLayout.action_replicate_layout 190:Replication complete
